2025-03-06 14:40:44,413 - INFO - HTTP Request: POST https://api.rcouyi.com/v1/chat/completions "HTTP/1.1 200 OK"
2025-03-06 14:45:51,909 - INFO - /Users/mac/Code/stock/tubiao/views.py changed, reloading.
2025-03-06 14:46:20,966 - INFO - 正在访问: https://xueqiu.com/k?q=600519
2025-03-06 14:46:21,722 - INFO - 等待页面加载...
2025-03-06 14:46:21,722 - INFO - 尝试选择器: .timeline__item
2025-03-06 14:46:22,027 - INFO - 找到选择器: .timeline__item
2025-03-06 14:46:25,060 - INFO - 找到 10 个讨论项
2025-03-06 14:46:25,060 - INFO - 正在解析第 1 个讨论项
2025-03-06 14:46:25,075 - INFO - 找到用户名: ZZ贵州茅台价值之道
2025-03-06 14:46:25,100 - INFO - 找到链接: https://xueqiu.com/9522147036
2025-03-06 14:46:25,114 - INFO - 找到内容: 这几天茅台股份招商 1.935L规格1935新品引发热议。在...
2025-03-06 14:46:25,120 - INFO - 成功添加第 1 个讨论项
2025-03-06 14:46:25,120 - INFO - 正在解析第 2 个讨论项
2025-03-06 14:46:25,128 - INFO - 找到用户名: 只买消费垄断
2025-03-06 14:46:25,137 - INFO - 找到标题: 万物皆周期
2025-03-06 14:46:25,145 - INFO - 找到链接: https://xueqiu.com/6169865362/326097006
2025-03-06 14:46:25,152 - INFO - 找到内容: ...7年暴涨20倍的标的去买，比如贵州茅台，片仔癀。最近几...
2025-03-06 14:46:25,156 - INFO - 成功添加第 2 个讨论项
2025-03-06 14:46:25,156 - INFO - 正在解析第 3 个讨论项
2025-03-06 14:46:25,161 - INFO - 找到用户名: 理智地偏执
2025-03-06 14:46:25,165 - INFO - 找到标题: 分红再投资——轮复利的威力
2025-03-06 14:46:25,168 - INFO - 找到链接: https://xueqiu.com/2789542091/325969498
2025-03-06 14:46:25,174 - INFO - 找到内容: ...00568)$ #五粮液# #贵州茅台# #建设银行#...
2025-03-06 14:46:25,179 - INFO - 成功添加第 3 个讨论项
2025-03-06 14:46:25,179 - INFO - 正在解析第 4 个讨论项
2025-03-06 14:46:25,184 - INFO - 找到用户名: 本观
2025-03-06 14:46:25,188 - INFO - 找到标题: 如果有闲钱，现在我会加仓腾讯、阿里巴巴还是茅台？
2025-03-06 14:46:25,191 - INFO - 找到链接: https://xueqiu.com/7787902980/326090789
2025-03-06 14:46:25,197 - INFO - 找到内容: 经常有朋友问我,现在如果有笔闲钱，腾讯、阿里巴、茅台，现在想...
2025-03-06 14:46:25,202 - INFO - 成功添加第 4 个讨论项
2025-03-06 14:46:25,202 - INFO - 正在解析第 5 个讨论项
2025-03-06 14:46:25,207 - INFO - 找到用户名: 只买消费垄断
2025-03-06 14:46:25,210 - INFO - 找到标题: 股票投资之最佳时机
2025-03-06 14:46:25,214 - INFO - 找到链接: https://xueqiu.com/6169865362/326180695
2025-03-06 14:46:25,220 - INFO - 找到内容: ...概率高，赔率极大。 案例二，贵州茅台 1998年，山西...
2025-03-06 14:46:25,225 - INFO - 成功添加第 5 个讨论项
2025-03-06 14:46:25,225 - INFO - 正在解析第 6 个讨论项
2025-03-06 14:46:25,229 - INFO - 找到用户名: 卧龙说股到金
2025-03-06 14:46:25,233 - INFO - 找到标题: 贵州茅台100米的机会又来了
2025-03-06 14:46:25,236 - INFO - 找到链接: https://xueqiu.com/8102811555/325980594
2025-03-06 14:46:25,243 - INFO - 找到内容: $上证指数(SH000001)$ $贵州茅台(SH60051...
2025-03-06 14:46:25,247 - INFO - 成功添加第 6 个讨论项
2025-03-06 14:46:25,247 - INFO - 正在解析第 7 个讨论项
2025-03-06 14:46:25,252 - INFO - 找到用户名: 老布
2025-03-06 14:46:25,263 - INFO - 找到链接: https://xueqiu.com/2431057144
2025-03-06 14:46:25,269 - INFO - 找到内容: ...03-0318:58:59 $贵州茅台(SH60051...
2025-03-06 14:46:25,273 - INFO - 成功添加第 7 个讨论项
2025-03-06 14:46:25,273 - INFO - 正在解析第 8 个讨论项
2025-03-06 14:46:25,278 - INFO - 找到用户名: 买股票的老木匠
2025-03-06 14:46:25,290 - INFO - 找到链接: https://xueqiu.com/3058599833
2025-03-06 14:46:25,297 - INFO - 找到内容: ... 2016年1月1日全部买入贵州茅台，持有不动到202...
2025-03-06 14:46:25,302 - INFO - 成功添加第 8 个讨论项
2025-03-06 14:46:25,302 - INFO - 正在解析第 9 个讨论项
2025-03-06 14:46:25,307 - INFO - 找到用户名: 长线是金11
2025-03-06 14:46:25,311 - INFO - 找到标题: 白酒行业，个股该如何选择
2025-03-06 14:46:25,315 - INFO - 找到链接: https://xueqiu.com/3349472836/325987303
2025-03-06 14:46:25,321 - INFO - 找到内容: ...球达人秀 @雪球创作者中心 $贵州茅台(SH60051...
2025-03-06 14:46:25,326 - INFO - 成功添加第 9 个讨论项
2025-03-06 14:46:25,326 - INFO - 正在解析第 10 个讨论项
2025-03-06 14:46:25,332 - INFO - 找到用户名: 启航58
2025-03-06 14:46:25,343 - INFO - 找到链接: https://xueqiu.com/4384392008
2025-03-06 14:46:25,350 - INFO - 找到内容: $贵州茅台(SH600519)$ 假设以当前1.85的市值买...
2025-03-06 14:46:25,355 - INFO - 成功添加第 10 个讨论项
2025-03-06 14:46:25,355 - INFO - 总共解析成功 10 个讨论项
2025-03-06 14:46:32,967 - INFO - HTTP Request: POST https://api.rcouyi.com/v1/chat/completions "HTTP/1.1 200 OK"
2025-03-06 14:49:39,114 - INFO - HTTP Request: POST https://api.rcouyi.com/v1/chat/completions "HTTP/1.1 200 OK"
2025-03-06 14:59:24,927 - INFO - HTTP Request: POST https://api.rcouyi.com/v1/chat/completions "HTTP/1.1 200 OK"
